<<<<<<< HEAD
2024-11-23 06:32:29,485 - ERROR - Initialization failed: [Errno 2] No such file or directory: '/etc/py1090dumpfa/receiverlocation.json'
2024-11-23 06:34:43,054 - ERROR - Error fetching aircraft data: HTTPConnectionPool(host='localhost', port=8080): Max retries exceeded with url: /skyaware/data/aircraft.json (Caused by NewConnectionError('<urllib3.connection.HTTPConnection object at 0x7f9803e54208>: Failed to establish a new connection: [Errno 111] Connection refused',))
2024-11-23 06:34:43,055 - ERROR - Error fetching aircraft data: HTTPConnectionPool(host='localhost', port=8080): Max retries exceeded with url: /skyaware/data/aircraft.json (Caused by NewConnectionError('<urllib3.connection.HTTPConnection object at 0x7f9803e54ac8>: Failed to establish a new connection: [Errno 111] Connection refused',))
2024-11-23 06:36:43,215 - ERROR - Error fetching aircraft data: HTTPConnectionPool(host='localhost', port=8080): Max retries exceeded with url: /skyaware/data/aircraft.json (Caused by NewConnectionError('<urllib3.connection.HTTPConnection object at 0x7f72416504a8>: Failed to establish a new connection: [Errno 111] Connection refused',))
2024-11-23 06:36:43,216 - ERROR - Error fetching aircraft data: HTTPConnectionPool(host='localhost', port=8080): Max retries exceeded with url: /skyaware/data/aircraft.json (Caused by NewConnectionError('<urllib3.connection.HTTPConnection object at 0x7f7241650d68>: Failed to establish a new connection: [Errno 111] Connection refused',))
2024-11-23 22:08:42,383 - WARNING - No aircraft found with 'category' in ['A4'].
2024-11-23 22:12:08,125 - ERROR - Error: Column 'category' not found in aircraft data.
2024-11-23 22:12:13,197 - ERROR - Error: Column 'category' not found in aircraft data.
2024-11-23 22:12:18,266 - ERROR - Error: Column 'category' not found in aircraft data.
2024-11-23 22:12:23,338 - WARNING - No aircraft found with 'category' in ['A4'].
2024-11-23 22:12:28,405 - ERROR - Error: Column 'category' not found in aircraft data.
2024-11-23 22:12:33,470 - WARNING - No aircraft found with 'category' in ['A6'].
2024-11-23 22:12:38,534 - WARNING - No aircraft found with 'category' in ['A7'].
2024-11-23 22:12:43,602 - WARNING - No aircraft found with 'flight' similar to 'AFR'.
2024-11-23 22:13:34,755 - ERROR - Error: Column 'category' not found in aircraft data.
=======
2024-11-23 21:35:34,637 - WARNING - No aircraft found with 'category' in ['A4'].
2024-11-23 21:35:44,749 - WARNING - No aircraft found with 'category' in ['A6'].
2024-11-23 21:35:49,810 - WARNING - No aircraft found with 'category' in ['A7'].
2024-11-23 21:35:54,868 - WARNING - No aircraft found with 'flight' similar to 'AFR'.
2024-11-23 21:35:59,926 - WARNING - No aircraft found with 'flight' similar to 'ASA'.
2024-11-23 21:36:04,977 - WARNING - No aircraft found with 'flight' similar to 'UCA'.
2024-11-23 21:36:10,038 - WARNING - No aircraft found with 'flight' similar to 'DAL'.
2024-11-23 21:36:15,096 - WARNING - No aircraft found with 'flight' similar to 'DHL'.
2024-11-23 21:36:20,150 - WARNING - No aircraft found with 'flight' similar to 'EVA'.
2024-11-23 22:06:24,921 - ERROR - Error: Column 'category' not found in aircraft data.
2024-11-23 22:06:29,983 - ERROR - Error: Column 'category' not found in aircraft data.
2024-11-23 22:06:35,046 - ERROR - Error: Column 'category' not found in aircraft data.
>>>>>>> testing
2024-11-23 22:26:34,152 - ERROR - Error: Column 'category' not found in aircraft data.
2024-11-23 22:26:39,203 - ERROR - Error: Column 'category' not found in aircraft data.
2024-11-23 22:29:15,736 - WARNING - No aircraft found with 'category' in ['A4'].
2024-11-23 22:29:20,787 - WARNING - No aircraft found with 'category' in ['A5'].
